This is pdfTeX, Version 3.141592653-2.6-1.40.23 (TeX Live 2021) (preloaded format=pdflatex 2021.9.18)  7 OCT 2021 13:17
entering extended mode
 restricted \write18 enabled.
 %&-line parsing enabled.
**0002_latex_section.tex
(./0002_latex_section.tex
LaTeX2e <2021-06-01> patch level 1
L3 programming layer <2021-08-27>
(/home/jim/.TinyTeX/texmf-dist/tex/latex/base/article.cls
Document Class: article 2021/02/12 v1.4n Standard LaTeX document class
(/home/jim/.TinyTeX/texmf-dist/tex/latex/base/size10.clo
File: size10.clo 2021/02/12 v1.4n Standard LaTeX file (size option)
)
\c@part=\count182
\c@section=\count183
\c@subsection=\count184
\c@subsubsection=\count185
\c@paragraph=\count186
\c@subparagraph=\count187
\c@figure=\count188
\c@table=\count189
\abovecaptionskip=\skip47
\belowcaptionskip=\skip48
\bibindent=\dimen138
)

! LaTeX Error: File `blindtext.sty' not found.

Type X to quit or <RETURN> to proceed,
or enter new name. (Default extension: sty)

Enter file name: x

! Emergency stop.
<read *> 
         
l.4 \usepackage
               [T1]{fontenc}
*** (cannot \read from terminal in nonstop modes)

 
Here is how much of TeX's memory you used:
 223 strings out of 480559
 2651 string characters out of 5903467
 287841 words of memory out of 5000000
 17942 multiletter control sequences out of 15000+600000
 403430 words of font info for 27 fonts, out of 8000000 for 9000
 14 hyphenation exceptions out of 8191
 34i,0n,41p,159b,36s stack positions out of 5000i,500n,10000p,200000b,80000s
!  ==> Fatal error occurred, no output PDF file produced!
