This is pdfTeX, Version 3.141592653-2.6-1.40.23 (TeX Live 2021) (preloaded format=pdflatex 2022.2.28)  1 MAR 2022 22:46
entering extended mode
 restricted \write18 enabled.
 %&-line parsing enabled.
**01_hello.tex
(./01_hello.tex
LaTeX2e <2021-11-15> patch level 1
L3 programming layer <2022-02-24>
(/home/jim/.TinyTeX/texmf-dist/tex/latex/base/article.cls
Document Class: article 2021/10/04 v1.4n Standard LaTeX document class
(/home/jim/.TinyTeX/texmf-dist/tex/latex/base/size10.clo
File: size10.clo 2021/10/04 v1.4n Standard LaTeX file (size option)
)
\c@part=\count185
\c@section=\count186
\c@subsection=\count187
\c@subsubsection=\count188
\c@paragraph=\count189
\c@subparagraph=\count190
\c@figure=\count191
\c@table=\count192
\abovecaptionskip=\skip47
\belowcaptionskip=\skip48
\bibindent=\dimen138
)
(/home/jim/.TinyTeX/texmf-dist/tex/generic/ulem/ulem.sty
\UL@box=\box50
\UL@hyphenbox=\box51
\UL@skip=\skip49
\UL@hook=\toks16
\UL@height=\dimen139
\UL@pe=\count193
\UL@pixel=\dimen140
\ULC@box=\box52
Package: ulem 2019/11/18
\ULdepth=\dimen141
)
(/home/jim/.TinyTeX/texmf-dist/tex/latex/xcolor/xcolor.sty
Package: xcolor 2021/10/31 v2.13 LaTeX color extensions (UK)

(/home/jim/.TinyTeX/texmf-dist/tex/latex/graphics-cfg/color.cfg
File: color.cfg 2016/01/02 v1.6 sample color configuration
)
Package xcolor Info: Driver file: pdftex.def on input line 227.

(/home/jim/.TinyTeX/texmf-dist/tex/latex/graphics-def/pdftex.def
File: pdftex.def 2020/10/05 v1.2a Graphics/color driver for pdftex
)
Package xcolor Info: Model `cmy' substituted by `cmy0' on input line 1352.
Package xcolor Info: Model `hsb' substituted by `rgb' on input line 1356.
Package xcolor Info: Model `RGB' extended on input line 1368.
Package xcolor Info: Model `HTML' substituted by `rgb' on input line 1370.
Package xcolor Info: Model `Hsb' substituted by `hsb' on input line 1371.
Package xcolor Info: Model `tHsb' substituted by `hsb' on input line 1372.
Package xcolor Info: Model `HSB' substituted by `hsb' on input line 1373.
Package xcolor Info: Model `Gray' substituted by `gray' on input line 1374.
Package xcolor Info: Model `wave' substituted by `hsb' on input line 1375.
)
(/home/jim/.TinyTeX/texmf-dist/tex/latex/base/syntonly.sty
Package: syntonly 2017/06/30 v2.1e Standard LaTeX2e package
)
\output=\toks17

(/home/jim/.TinyTeX/texmf-dist/tex/latex/l3backend/l3backend-pdftex.def
File: l3backend-pdftex.def 2022-02-07 L3 backend support: PDF output (pdfTeX)
\l__color_backend_stack_int=\count194
\l__pdf_internal_box=\box53
)
(./01_hello.aux)
\openout1 = `01_hello.aux'.

LaTeX Font Info:    Checking defaults for OML/cmm/m/it on input line 16.
LaTeX Font Info:    ... okay on input line 16.
LaTeX Font Info:    Checking defaults for OMS/cmsy/m/n on input line 16.
LaTeX Font Info:    ... okay on input line 16.
LaTeX Font Info:    Checking defaults for OT1/cmr/m/n on input line 16.
LaTeX Font Info:    ... okay on input line 16.
LaTeX Font Info:    Checking defaults for T1/cmr/m/n on input line 16.
LaTeX Font Info:    ... okay on input line 16.
LaTeX Font Info:    Checking defaults for TS1/cmr/m/n on input line 16.
LaTeX Font Info:    ... okay on input line 16.
LaTeX Font Info:    Checking defaults for OMX/cmex/m/n on input line 16.
LaTeX Font Info:    ... okay on input line 16.
LaTeX Font Info:    Checking defaults for U/cmr/m/n on input line 16.
LaTeX Font Info:    ... okay on input line 16.

! Undefined control sequence.
l.17 \jim
         {fail}
? 
! Emergency stop.
l.17 \jim
         {fail}
End of file on the terminal!

 
Here is how much of TeX's memory you used:
 1175 strings out of 480236
 17288 string characters out of 5895861
 306640 words of memory out of 5000000
 19193 multiletter control sequences out of 15000+600000
 469391 words of font info for 30 fonts, out of 8000000 for 9000
 14 hyphenation exceptions out of 8191
 34i,0n,47p,175b,36s stack positions out of 5000i,500n,10000p,200000b,80000s
!  ==> Fatal error occurred, no output PDF file produced!
