This is LuaHBTeX, Version 1.15.0 (TeX Live 2022)  (format=lualatex 2022.6.12)  12 JUN 2022 19:09
 restricted system commands enabled.
**TEX/0002_latex_section.tex
(./TEX/0002_latex_section.tex
LaTeX2e <2022-06-01> pre-release-0 (develop 2022-6-12 branch)
Lua module: luaotfload 2022-03-18 3.21 Lua based OpenType font support
Lua module: lualibs 2021-05-20 2.74 ConTeXt Lua standard libraries.
Lua module: lualibs-extended 2021-05-20 2.74 ConTeXt Lua libraries -- extended collection.
luaotfload | conf : Root cache directory is "/home/jim/.TinyTeX/texmf-var/luatex-cache/generic/names".
luaotfload | init : Loading fontloader "fontloader-2022-02-24.lua" from kpse-resolved path "/home/jim/.TinyTeX/texmf-dist/tex/luatex/luaotfload/fontloader-2022-02-24.lua".
Lua-only attribute luaotfload@noligature = 1
luaotfload | init : Context OpenType loader version 3.119
Inserting `luaotfload.node_processor' at position 1 in `pre_linebreak_filter'.
Inserting `luaotfload.node_processor' at position 1 in `hpack_filter'.
Inserting `luaotfload.glyph_stream' at position 1 in `glyph_stream_provider'.
Inserting `luaotfload.define_font' at position 1 in `define_font'.
Lua-only attribute luaotfload_color_attribute = 2
luaotfload | conf : Root cache directory is "/home/jim/.TinyTeX/texmf-var/luatex-cache/generic/names".
Inserting `luaotfload.harf.strip_prefix' at position 1 in `find_opentype_file'.
Inserting `luaotfload.harf.strip_prefix' at position 1 in `find_truetype_file'.
Removing  `luaotfload.glyph_stream' from `glyph_stream_provider'.
Inserting `luaotfload.harf.glyphstream' at position 1 in `glyph_stream_provider'.
Inserting `luaotfload.harf.finalize_vlist' at position 1 in `post_linebreak_filter'.
Inserting `luaotfload.harf.finalize_hlist' at position 2 in `hpack_filter'.
Inserting `luaotfload.cleanup_files' at position 1 in `wrapup_run'.
Inserting `luaotfload.harf.finalize_unicode' at position 1 in `finish_pdffile'.
Inserting `luaotfload.glyphinfo' at position 1 in `glyph_info'.
Lua-only attribute luaotfload.letterspace_done = 3
Inserting `luaotfload.aux.set_sscale_dimens' at position 1 in `luaotfload.patch_font'.
Inserting `luaotfload.aux.set_font_index' at position 2 in `luaotfload.patch_font'.
Inserting `luaotfload.aux.patch_cambria_domh' at position 3 in `luaotfload.patch_font'.
Inserting `luaotfload.aux.fixup_fontdata' at position 1 in `luaotfload.patch_font_unsafe'.
Inserting `luaotfload.aux.set_capheight' at position 4 in `luaotfload.patch_font'.
Inserting `luaotfload.aux.set_xheight' at position 5 in `luaotfload.patch_font'.
Inserting `luaotfload.rewrite_fontname' at position 6 in `luaotfload.patch_font'. L3 programming layer <2022-06-02>
Inserting `tracingstacklevels' at position 1 in `input_level_string'. (/home/jim/.TinyTeX/texmf-dist/tex/latex/base/article.cls
Document Class: article 2021/10/04 v1.4n Standard LaTeX document class
(/home/jim/.TinyTeX/texmf-dist/tex/latex/base/size10.clo
File: size10.clo 2021/10/04 v1.4n Standard LaTeX file (size option)
luaotfload | db : Font names database loaded from /home/jim/.TinyTeX/texmf-var/luatex-cache/generic/names/luaotfload-names.luc.gz)
\c@part=\count183
\c@section=\count184
\c@subsection=\count185
\c@subsubsection=\count186
\c@paragraph=\count187
\c@subparagraph=\count188
\c@figure=\count189
\c@table=\count190
\abovecaptionskip=\skip47
\belowcaptionskip=\skip48
\bibindent=\dimen137
) (/home/jim/.TinyTeX/texmf-dist/tex/latex/blindtext/blindtext.sty
Package: blindtext 2012/01/06 V2.0 blindtext-Package
 (/home/jim/.TinyTeX/texmf-dist/tex/latex/tools/xspace.sty
Package: xspace 2014/10/28 v1.13 Space after command names (DPC,MH)
)
\c@blindtext=\count191
\c@Blindtext=\count192
\c@blind@countparstart=\count193
\blind@countxx=\count194
\blindtext@numBlindtext=\count195
\blind@countyy=\count196
\c@blindlist=\count197
\c@blindlistlevel=\count198
\c@blindlist@level=\count199
\blind@listitem=\count266
\c@blind@listcount=\count267
\c@blind@levelcount=\count268
\blind@mathformula=\count269
\blind@Mathformula=\count270
\c@blind@randomcount=\count271
\c@blind@randommax=\count272
\c@blind@pangramcount=\count273
\c@blind@pangrammax=\count274
) (/home/jim/.TinyTeX/texmf-dist/tex/latex/base/fontenc.sty
Package: fontenc 2021/04/29 v2.0v Standard LaTeX package
LaTeX Font Info:    Trying to load font information for T1+lmr on input line 112.
 (/home/jim/.TinyTeX/texmf-dist/tex/latex/lm/t1lmr.fd
File: t1lmr.fd 2015/05/01 v1.6.1 Font defs for Latin Modern
)) (/home/jim/.TinyTeX/texmf-dist/tex/latex/base/inputenc.sty
Package: inputenc 2021/02/14 v1.3d Input encoding file
\inpenc@prehook=\toks16
\inpenc@posthook=\toks17


Package inputenc Warning: inputenc package ignored with utf8 based engines.

) (/home/jim/.TinyTeX/texmf-dist/tex/latex/l3backend/l3backend-luatex.def
File: l3backend-luatex.def 2022-04-20 L3 backend support: PDF output (LuaTeX)
\l__color_backend_stack_int=\count275
\l__pdf_internal_box=\box51
)
No file 0002_latex_section.aux.

\openout1 = 0002_latex_section.aux
LaTeX Font Info:    Checking defaults for OML/cmm/m/it on input line 11.
LaTeX Font Info:    ... okay on input line 11.
LaTeX Font Info:    Checking defaults for OMS/cmsy/m/n on input line 11.
LaTeX Font Info:    ... okay on input line 11.
LaTeX Font Info:    Checking defaults for OT1/cmr/m/n on input line 11.
LaTeX Font Info:    ... okay on input line 11.
LaTeX Font Info:    Checking defaults for T1/cmr/m/n on input line 11.
LaTeX Font Info:    ... okay on input line 11.
LaTeX Font Info:    Checking defaults for TS1/cmr/m/n on input line 11.
LaTeX Font Info:    Trying to load font information for TS1+cmr on input line 11.
(/home/jim/.TinyTeX/texmf-dist/tex/latex/base/ts1cmr.fd
File: ts1cmr.fd 2019/12/16 v2.5j Standard LaTeX font definitions
)
LaTeX Font Info:    ... okay on input line 11.
LaTeX Font Info:    Checking defaults for TU/lmr/m/n on input line 11.
LaTeX Font Info:    ... okay on input line 11.
LaTeX Font Info:    Checking defaults for OMX/cmex/m/n on input line 11.
LaTeX Font Info:    ... okay on input line 11.
LaTeX Font Info:    Checking defaults for U/cmr/m/n on input line 11.
LaTeX Font Info:    ... okay on input line 11.
LaTeX Font Info:    External font `cmex10' loaded for size
(Font)              <12> on input line 18.
LaTeX Font Info:    External font `cmex10' loaded for size
(Font)              <8> on input line 18.
LaTeX Font Info:    External font `cmex10' loaded for size
(Font)              <6> on input line 18.
 [1

{/home/jim/.TinyTeX/texmf-var/fonts/map/pdftex/updmap/pdftex.map}] (./0002_latex_section.aux))

Here is how much of LuaTeX's memory you used:
 1005 strings out of 477494
 100000,383344 words of node,token memory allocated
 411 words of node memory still in use:
   3 hlist, 1 vlist, 1 rule, 2 glue, 3 kern, 1 glyph, 4 attribute, 49 glue_spec, 4 attribute_list, 1 write nodes
   avail lists: 2:101,3:40,4:8,5:38,6:16,7:1224,8:1,9:64,10:6,11:100
 22039 multiletter control sequences out of 65536+600000
 30 fonts using 1758775 bytes
 40i,6n,46p,201b,199s stack positions out of 10000i,1000n,20000p,200000b,200000s
{/home/jim/.TinyTeX/texmf-dist/fonts/enc/dvips/lm/lm-ec.enc}</home/jim/.TinyTeX/texmf-dist/fonts/type1/public/lm/lmbx12.pfb></home/jim/.TinyTeX/texmf-dist/fonts/type1/public/lm/lmr10.pfb></home/jim/.TinyTeX/texmf-dist/fonts/type1/public/lm/lmr12.pfb></home/jim/.TinyTeX/texmf-dist/fonts/type1/public/lm/lmr17.pfb>
Output written on 0002_latex_section.pdf (1 page, 96001 bytes).

PDF statistics: 25 PDF objects out of 1000 (max. 8388607)
 17 compressed objects within 1 object stream
 0 named destinations out of 1000 (max. 131072)
 1 words of extra memory for PDF output out of 10000 (max. 100000000)

